<?xml version="1.0" encoding="UTF-8"?>
<testng-results ignored="0" total="1" passed="1" failed="0" skipped="0">
  <reporter-output>
  </reporter-output>
  <suite started-at="2024-09-18T11:33:08 IST" name="Default suite" finished-at="2024-09-18T11:33:34 IST" duration-ms="25528">
    <groups>
    </groups>
    <test started-at="2024-09-18T11:33:08 IST" name="Default test" finished-at="2024-09-18T11:33:34 IST" duration-ms="25528">
      <class name="testCases.PlaceOrderTest">
        <test-method signature="order(java.util.Hashtable)[pri:0, instance:testCases.PlaceOrderTest@1bb266b3]" started-at="2024-09-18T11:33:09 IST" name="order" data-provider="order" finished-at="2024-09-18T11:33:33 IST" duration-ms="24513" status="PASS">
          <params>
            <param index="0">
              <value>
                <![CDATA[{NIC=998125456V}]]>
              </value>
            </param>
          </params>
          <reporter-output>
          </reporter-output>
        </test-method> <!-- order -->
        <test-method is-config="true" signature="flushReport()[pri:0, instance:testCases.PlaceOrderTest@1bb266b3]" started-at="2024-09-18T11:33:33 IST" name="flushReport" finished-at="2024-09-18T11:33:34 IST" duration-ms="429" status="PASS">
          <reporter-output>
          </reporter-output>
        </test-method> <!-- flushReport -->
      </class> <!-- testCases.PlaceOrderTest -->
    </test> <!-- Default test -->
  </suite> <!-- Default suite -->
</testng-results>
